<?xml version="1.0" encoding="UTF-8"?>
<!-- Generated by org.testng.reporters.JUnitReportReporter -->
<testsuite hostname="HEMA" failures="0" tests="1" name="com.tastyNibbles.testrunner.AddToCartNG" time="39.918" errors="0" timestamp="2025-03-26T09:48:34 IST" skipped="0">
  <testcase classname="com.tastyNibbles.testrunner.AddToCartNG" name="runScenario" time="39.918"/>
</testsuite> <!-- com.tastyNibbles.testrunner.AddToCartNG -->
