<?xml version="1.0" encoding="UTF-8"?>
<!-- Generated by org.testng.reporters.JUnitReportReporter -->
<testsuite hostname="HEMA" failures="0" tests="2" name="com.tastyNibbles.testrunner.LoginPageNG" time="31.603" errors="0" timestamp="2025-03-26T09:48:34 IST" skipped="0">
  <testcase classname="com.tastyNibbles.testrunner.LoginPageNG" name="runScenario" time="12.265"/>
  <testcase classname="com.tastyNibbles.testrunner.LoginPageNG" name="runScenario" time="19.338"/>
</testsuite> <!-- com.tastyNibbles.testrunner.LoginPageNG -->
