<?xml version="1.0" encoding="UTF-8"?>
<!-- Generated by org.testng.reporters.JUnitReportReporter -->
<testsuite hostname="HEMA" failures="0" tests="2" name="com.tastyNibbles.testrunner.RegistrationNG" time="50.295" errors="0" timestamp="2025-03-26T09:48:34 IST" skipped="0">
  <testcase classname="com.tastyNibbles.testrunner.RegistrationNG" name="runScenario" time="22.179"/>
  <testcase classname="com.tastyNibbles.testrunner.RegistrationNG" name="runScenario" time="28.116"/>
</testsuite> <!-- com.tastyNibbles.testrunner.RegistrationNG -->
