<?xml version="1.0" encoding="UTF-8"?>
<!-- Generated by org.testng.reporters.JUnitReportReporter -->
<testsuite hostname="Karna" failures="0" tests="2" name="com.Tastynibbles.Runner.Reg" time="101.005" errors="0" timestamp="2025-03-18T21:42:33 IST" skipped="0">
  <testcase classname="com.Tastynibbles.Runner.Reg" name="runScenario" time="29.559"/>
  <system-out/>
  <testcase classname="com.Tastynibbles.Runner.Reg" name="runScenario" time="71.446"/>
  <system-out/>
</testsuite> <!-- com.Tastynibbles.Runner.Reg -->
