<?xml version="1.0" encoding="UTF-8"?>
<!-- Generated by org.testng.reporters.JUnitReportReporter -->
<testsuite hostname="HEMA" failures="0" tests="1" name="com.tastyNibbles.testrunner.LoggingOutNG" time="29.619" errors="0" timestamp="2025-03-19T21:05:15 IST" skipped="0">
  <testcase classname="com.tastyNibbles.testrunner.LoggingOutNG" name="runScenario" time="29.619"/>
  <system-out/>
</testsuite> <!-- com.tastyNibbles.testrunner.LoggingOutNG -->
