<?xml version="1.0" encoding="UTF-8"?>
<!-- Generated by org.testng.reporters.JUnitReportReporter -->
<testsuite hostname="Karna" failures="0" tests="1" name="n.h" time="0.852" errors="0" timestamp="2025-03-18T09:35:04 IST" skipped="0">
  <testcase classname="n.h" name="check" time="0.852"/>
</testsuite> <!-- n.h -->
