<?xml version="1.0" encoding="UTF-8"?>
<!-- Generated by org.testng.reporters.JUnitReportReporter -->
<testsuite hostname="HEMA" failures="0" tests="2" name="com.tastyNibbles.testrunner.TestNG" time="26.161" errors="0" timestamp="2025-03-19T09:58:30 IST" skipped="0">
  <testcase classname="com.tastyNibbles.testrunner.TestNG" name="runScenario" time="11.669"/>
  <system-out/>
  <testcase classname="com.tastyNibbles.testrunner.TestNG" name="runScenario" time="14.492"/>
  <system-out/>
</testsuite> <!-- com.tastyNibbles.testrunner.TestNG -->
