<?xml version="1.0" encoding="UTF-8"?>
<!-- Generated by org.testng.reporters.JUnitReportReporter -->
<testsuite hostname="HEMA" failures="0" tests="2" name="com.tastyNibbles.testrunner.RegistrationNG" time="77.010" errors="0" timestamp="2025-03-20T11:52:17 IST" skipped="0">
  <testcase classname="com.tastyNibbles.testrunner.RegistrationNG" name="runScenario" time="36.249"/>
  <system-out/>
  <testcase classname="com.tastyNibbles.testrunner.RegistrationNG" name="runScenario" time="40.761"/>
  <system-out/>
</testsuite> <!-- com.tastyNibbles.testrunner.RegistrationNG -->
