<?xml version="1.0" encoding="UTF-8"?>
<!-- Generated by org.testng.reporters.JUnitReportReporter -->
<testsuite hostname="HEMA" failures="0" tests="1" name="com.tastyNibbles.testrunner.AddingMultipleProductsNG" time="53.827" errors="0" timestamp="2025-03-26T09:48:34 IST" skipped="0">
  <testcase classname="com.tastyNibbles.testrunner.AddingMultipleProductsNG" name="runScenario" time="53.827"/>
</testsuite> <!-- com.tastyNibbles.testrunner.AddingMultipleProductsNG -->
