<?xml version="1.0" encoding="UTF-8"?>
<!-- Generated by org.testng.reporters.JUnitReportReporter -->
<testsuite hostname="HEMA" failures="0" tests="1" name="com.tastyNibbles.testrunner.SearchNG" time="28.754" errors="0" timestamp="2025-03-19T21:04:30 IST" skipped="0">
  <testcase classname="com.tastyNibbles.testrunner.SearchNG" name="runScenario" time="28.754"/>
  <system-out/>
</testsuite> <!-- com.tastyNibbles.testrunner.SearchNG -->
