<?xml version="1.0" encoding="UTF-8" ?>
<testsuite tests="7" failures="0" name="TestSuite" time="230.504" errors="0" skipped="0">
  <properties>
    <property name="java.runtime.name" value="OpenJDK Runtime Environment"/>
    <property name="testng.Skipped" value="0"/>
    <property name="java.vm.version" value="21.0.5+11-LTS"/>
    <property name="sun.boot.library.path" value="C:\Users\hemar\Downloads\eclipse-java-2024-12-R-win32-x86_64\eclipse\plugins\org.eclipse.justj.openjdk.hotspot.jre.full.win32.x86_64_21.0.5.v20241023-1957\jre\bin"/>
    <property name="java.vm.vendor" value="Eclipse Adoptium"/>
    <property name="java.vendor.url" value="https://adoptium.net/"/>
    <property name="path.separator" value=";"/>
    <property name="java.vm.name" value="OpenJDK 64-Bit Server VM"/>
    <property name="sun.os.patch.level" value=""/>
    <property name="user.script" value=""/>
    <property name="user.country" value="US"/>
    <property name="sun.java.launcher" value="SUN_STANDARD"/>
    <property name="java.vm.specification.name" value="Java Virtual Machine Specification"/>
    <property name="user.dir" value="C:\Users\hemar\eclipse-workspace\TastyNibbles"/>
    <property name="java.vm.compressedOopsMode" value="32-bit"/>
    <property name="java.runtime.version" value="21.0.5+11-LTS"/>
    <property name="testng.Failed" value="0"/>
    <property name="basedir" value="C:\Users\hemar\eclipse-workspace\TastyNibbles"/>
    <property name="os.arch" value="amd64"/>
    <property name="surefire.real.class.path" value="C:\Users\hemar\AppData\Local\Temp\surefirebooter16274296986454723759.jar"/>
    <property name="java.io.tmpdir" value="C:\Users\hemar\AppData\Local\Temp\"/>
    <property name="line.separator" value="
"/>
    <property name="java.vm.specification.vendor" value="Oracle Corporation"/>
    <property name="user.variant" value=""/>
    <property name="stderr.encoding" value="Cp1252"/>
    <property name="os.name" value="Windows 11"/>
    <property name="sun.jnu.encoding" value="Cp1252"/>
    <property name="stdout.encoding" value="Cp1252"/>
    <property name="java.library.path" value="C:\Users\hemar\Downloads\eclipse-java-2024-12-R-win32-x86_64\eclipse\plugins\org.eclipse.justj.openjdk.hotspot.jre.full.win32.x86_64_21.0.5.v20241023-1957\jre\bin;C:\WINDOWS\Sun\Java\bin;C:\WINDOWS\system32;C:\WINDOWS;C:\Program Files\Common Files\Oracle\Java\javapath;C:\Windows\system32;C:\Windows;C:\Windows\System32\Wbem;C:\Windows\System32\WindowsPowerShell\v1.0\;C:\Windows\System32\OpenSSH\;C:\Program Files (x86)\NVIDIA Corporation\PhysX\Common;C:\Program Files\NVIDIA Corporation\NVIDIA NvDLISR;C:\WINDOWS\system32;C:\WINDOWS;C:\WINDOWS\System32\Wbem;C:\WINDOWS\System32\WindowsPowerShell\v1.0\;C:\WINDOWS\System32\OpenSSH\;C:\Program Files\nodejs\;C:\Program Files\dotnet\;C:\Program Files\Java\jdk-23\bin;C:\Program Files\MySQL\MySQL Server 8.0\bin;C:\Users\hemar\Downloads\allure-2.33.0\allure-2.33.0\bin;C:\Program Files\Git\cmd;C:\Program Files\MySQL\MySQL Shell 8.0\bin\;C:\Users\hemar\AppData\Local\Microsoft\WindowsApps;C:\Users\hemar\AppData\Local\Programs\Microsoft VS Code\bin;C:\Users\hemar\AppData\Roaming\npm;C:\Users\hemar\.dotnet\tools;;."/>
    <property name="surefire.test.class.path" value="C:\Users\hemar\eclipse-workspace\TastyNibbles\target\test-classes;C:\Users\hemar\eclipse-workspace\TastyNibbles\target\classes;C:\Users\hemar\.m2\repository\org\apache\poi\poi\5.4.0\poi-5.4.0.jar;C:\Users\hemar\.m2\repository\commons-codec\commons-codec\1.17.1\commons-codec-1.17.1.jar;C:\Users\hemar\.m2\repository\org\apache\commons\commons-collections4\4.4\commons-collections4-4.4.jar;C:\Users\hemar\.m2\repository\org\apache\commons\commons-math3\3.6.1\commons-math3-3.6.1.jar;C:\Users\hemar\.m2\repository\commons-io\commons-io\2.18.0\commons-io-2.18.0.jar;C:\Users\hemar\.m2\repository\com\zaxxer\SparseBitSet\1.3\SparseBitSet-1.3.jar;C:\Users\hemar\.m2\repository\org\apache\logging\log4j\log4j-api\2.24.3\log4j-api-2.24.3.jar;C:\Users\hemar\.m2\repository\org\seleniumhq\selenium\selenium-java\4.29.0\selenium-java-4.29.0.jar;C:\Users\hemar\.m2\repository\org\seleniumhq\selenium\selenium-api\4.29.0\selenium-api-4.29.0.jar;C:\Users\hemar\.m2\repository\org\jspecify\jspecify\1.0.0\jspecify-1.0.0.jar;C:\Users\hemar\.m2\repository\org\seleniumhq\selenium\selenium-chrome-driver\4.29.0\selenium-chrome-driver-4.29.0.jar;C:\Users\hemar\.m2\repository\com\google\auto\service\auto-service-annotations\1.1.1\auto-service-annotations-1.1.1.jar;C:\Users\hemar\.m2\repository\org\seleniumhq\selenium\selenium-chromium-driver\4.29.0\selenium-chromium-driver-4.29.0.jar;C:\Users\hemar\.m2\repository\org\seleniumhq\selenium\selenium-json\4.29.0\selenium-json-4.29.0.jar;C:\Users\hemar\.m2\repository\org\seleniumhq\selenium\selenium-manager\4.29.0\selenium-manager-4.29.0.jar;C:\Users\hemar\.m2\repository\org\seleniumhq\selenium\selenium-devtools-v131\4.29.0\selenium-devtools-v131-4.29.0.jar;C:\Users\hemar\.m2\repository\org\seleniumhq\selenium\selenium-devtools-v132\4.29.0\selenium-devtools-v132-4.29.0.jar;C:\Users\hemar\.m2\repository\org\seleniumhq\selenium\selenium-devtools-v133\4.29.0\selenium-devtools-v133-4.29.0.jar;C:\Users\hemar\.m2\repository\org\seleniumhq\selenium\selenium-devtools-v85\4.29.0\selenium-devtools-v85-4.29.0.jar;C:\Users\hemar\.m2\repository\org\seleniumhq\selenium\selenium-edge-driver\4.29.0\selenium-edge-driver-4.29.0.jar;C:\Users\hemar\.m2\repository\org\seleniumhq\selenium\selenium-firefox-driver\4.29.0\selenium-firefox-driver-4.29.0.jar;C:\Users\hemar\.m2\repository\org\seleniumhq\selenium\selenium-http\4.29.0\selenium-http-4.29.0.jar;C:\Users\hemar\.m2\repository\org\seleniumhq\selenium\selenium-ie-driver\4.29.0\selenium-ie-driver-4.29.0.jar;C:\Users\hemar\.m2\repository\org\seleniumhq\selenium\selenium-remote-driver\4.29.0\selenium-remote-driver-4.29.0.jar;C:\Users\hemar\.m2\repository\io\opentelemetry\semconv\opentelemetry-semconv\1.28.0-alpha\opentelemetry-semconv-1.28.0-alpha.jar;C:\Users\hemar\.m2\repository\io\opentelemetry\opentelemetry-api\1.46.0\opentelemetry-api-1.46.0.jar;C:\Users\hemar\.m2\repository\io\opentelemetry\opentelemetry-context\1.46.0\opentelemetry-context-1.46.0.jar;C:\Users\hemar\.m2\repository\io\opentelemetry\opentelemetry-exporter-logging\1.46.0\opentelemetry-exporter-logging-1.46.0.jar;C:\Users\hemar\.m2\repository\io\opentelemetry\opentelemetry-sdk-common\1.46.0\opentelemetry-sdk-common-1.46.0.jar;C:\Users\hemar\.m2\repository\io\opentelemetry\opentelemetry-sdk-extension-autoconfigure-spi\1.46.0\opentelemetry-sdk-extension-autoconfigure-spi-1.46.0.jar;C:\Users\hemar\.m2\repository\io\opentelemetry\opentelemetry-sdk-extension-autoconfigure\1.46.0\opentelemetry-sdk-extension-autoconfigure-1.46.0.jar;C:\Users\hemar\.m2\repository\io\opentelemetry\opentelemetry-api-incubator\1.46.0-alpha\opentelemetry-api-incubator-1.46.0-alpha.jar;C:\Users\hemar\.m2\repository\io\opentelemetry\opentelemetry-sdk-trace\1.46.0\opentelemetry-sdk-trace-1.46.0.jar;C:\Users\hemar\.m2\repository\io\opentelemetry\opentelemetry-sdk\1.46.0\opentelemetry-sdk-1.46.0.jar;C:\Users\hemar\.m2\repository\io\opentelemetry\opentelemetry-sdk-metrics\1.46.0\opentelemetry-sdk-metrics-1.46.0.jar;C:\Users\hemar\.m2\repository\io\opentelemetry\opentelemetry-sdk-logs\1.46.0\opentelemetry-sdk-logs-1.46.0.jar;C:\Users\hemar\.m2\repository\net\bytebuddy\byte-buddy\1.15.11\byte-buddy-1.15.11.jar;C:\Users\hemar\.m2\repository\org\seleniumhq\selenium\selenium-os\4.29.0\selenium-os-4.29.0.jar;C:\Users\hemar\.m2\repository\org\apache\commons\commons-exec\1.4.0\commons-exec-1.4.0.jar;C:\Users\hemar\.m2\repository\org\seleniumhq\selenium\selenium-safari-driver\4.29.0\selenium-safari-driver-4.29.0.jar;C:\Users\hemar\.m2\repository\org\seleniumhq\selenium\selenium-support\4.29.0\selenium-support-4.29.0.jar;C:\Users\hemar\.m2\repository\org\apache\poi\poi-ooxml\5.4.0\poi-ooxml-5.4.0.jar;C:\Users\hemar\.m2\repository\org\apache\poi\poi-ooxml-lite\5.4.0\poi-ooxml-lite-5.4.0.jar;C:\Users\hemar\.m2\repository\org\apache\xmlbeans\xmlbeans\5.3.0\xmlbeans-5.3.0.jar;C:\Users\hemar\.m2\repository\org\apache\commons\commons-compress\1.27.1\commons-compress-1.27.1.jar;C:\Users\hemar\.m2\repository\org\apache\commons\commons-lang3\3.16.0\commons-lang3-3.16.0.jar;C:\Users\hemar\.m2\repository\com\github\virtuald\curvesapi\1.08\curvesapi-1.08.jar;C:\Users\hemar\.m2\repository\org\testng\testng\7.10.2\testng-7.10.2.jar;C:\Users\hemar\.m2\repository\org\slf4j\slf4j-api\1.7.36\slf4j-api-1.7.36.jar;C:\Users\hemar\.m2\repository\com\beust\jcommander\1.82\jcommander-1.82.jar;C:\Users\hemar\.m2\repository\org\webjars\jquery\3.7.1\jquery-3.7.1.jar;C:\Users\hemar\.m2\repository\com\github\sdrss\reportng\2.7.0\reportng-2.7.0.jar;C:\Users\hemar\.m2\repository\velocity\velocity\1.5\velocity-1.5.jar;C:\Users\hemar\.m2\repository\commons-collections\commons-collections\3.1\commons-collections-3.1.jar;C:\Users\hemar\.m2\repository\commons-lang\commons-lang\2.1\commons-lang-2.1.jar;C:\Users\hemar\.m2\repository\oro\oro\2.0.8\oro-2.0.8.jar;C:\Users\hemar\.m2\repository\com\fasterxml\jackson\core\jackson-core\2.10.1\jackson-core-2.10.1.jar;C:\Users\hemar\.m2\repository\com\fasterxml\jackson\core\jackson-databind\2.12.7.1\jackson-databind-2.12.7.1.jar;C:\Users\hemar\.m2\repository\com\fasterxml\jackson\core\jackson-annotations\2.10.1\jackson-annotations-2.10.1.jar;C:\Users\hemar\.m2\repository\com\google\inject\guice\7.0.0\guice-7.0.0.jar;C:\Users\hemar\.m2\repository\jakarta\inject\jakarta.inject-api\2.0.1\jakarta.inject-api-2.0.1.jar;C:\Users\hemar\.m2\repository\aopalliance\aopalliance\1.0\aopalliance-1.0.jar;C:\Users\hemar\.m2\repository\com\google\guava\guava\31.0.1-jre\guava-31.0.1-jre.jar;C:\Users\hemar\.m2\repository\com\google\guava\failureaccess\1.0.1\failureaccess-1.0.1.jar;C:\Users\hemar\.m2\repository\com\google\guava\listenablefuture\9999.0-empty-to-avoid-conflict-with-guava\listenablefuture-9999.0-empty-to-avoid-conflict-with-guava.jar;C:\Users\hemar\.m2\repository\com\google\code\findbugs\jsr305\3.0.2\jsr305-3.0.2.jar;C:\Users\hemar\.m2\repository\org\checkerframework\checker-qual\3.12.0\checker-qual-3.12.0.jar;C:\Users\hemar\.m2\repository\com\google\errorprone\error_prone_annotations\2.7.1\error_prone_annotations-2.7.1.jar;C:\Users\hemar\.m2\repository\com\google\j2objc\j2objc-annotations\1.3\j2objc-annotations-1.3.jar;C:\Users\hemar\.m2\repository\com\aventstack\extentreports\5.1.2\extentreports-5.1.2.jar;C:\Users\hemar\.m2\repository\io\reactivex\rxjava3\rxjava\3.1.6\rxjava-3.1.6.jar;C:\Users\hemar\.m2\repository\org\reactivestreams\reactive-streams\1.0.4\reactive-streams-1.0.4.jar;C:\Users\hemar\.m2\repository\org\freemarker\freemarker\2.3.32\freemarker-2.3.32.jar;C:\Users\hemar\.m2\repository\org\projectlombok\lombok\1.18.26\lombok-1.18.26.jar;C:\Users\hemar\.m2\repository\com\google\code\gson\gson\2.10.1\gson-2.10.1.jar;C:\Users\hemar\.m2\repository\io\qameta\allure\allure-testng\2.29.1\allure-testng-2.29.1.jar;C:\Users\hemar\.m2\repository\io\qameta\allure\allure-java-commons\2.29.1\allure-java-commons-2.29.1.jar;C:\Users\hemar\.m2\repository\io\qameta\allure\allure-model\2.29.1\allure-model-2.29.1.jar;C:\Users\hemar\.m2\repository\io\qameta\allure\allure-test-filter\2.29.1\allure-test-filter-2.29.1.jar;C:\Users\hemar\.m2\repository\io\cucumber\cucumber-java\7.21.1\cucumber-java-7.21.1.jar;C:\Users\hemar\.m2\repository\org\apiguardian\apiguardian-api\1.1.2\apiguardian-api-1.1.2.jar;C:\Users\hemar\.m2\repository\io\cucumber\cucumber-picocontainer\7.21.1\cucumber-picocontainer-7.21.1.jar;C:\Users\hemar\.m2\repository\org\picocontainer\picocontainer\2.15\picocontainer-2.15.jar;C:\Users\hemar\.m2\repository\io\cucumber\cucumber-core\7.21.1\cucumber-core-7.21.1.jar;C:\Users\hemar\.m2\repository\io\cucumber\cucumber-gherkin\7.21.1\cucumber-gherkin-7.21.1.jar;C:\Users\hemar\.m2\repository\io\cucumber\cucumber-gherkin-messages\7.21.1\cucumber-gherkin-messages-7.21.1.jar;C:\Users\hemar\.m2\repository\io\cucumber\messages\27.2.0\messages-27.2.0.jar;C:\Users\hemar\.m2\repository\io\cucumber\testng-xml-formatter\0.3.1\testng-xml-formatter-0.3.1.jar;C:\Users\hemar\.m2\repository\io\cucumber\query\13.2.0\query-13.2.0.jar;C:\Users\hemar\.m2\repository\io\cucumber\tag-expressions\6.1.2\tag-expressions-6.1.2.jar;C:\Users\hemar\.m2\repository\io\cucumber\cucumber-expressions\18.0.1\cucumber-expressions-18.0.1.jar;C:\Users\hemar\.m2\repository\io\cucumber\datatable\7.21.1\datatable-7.21.1.jar;C:\Users\hemar\.m2\repository\io\cucumber\cucumber-plugin\7.21.1\cucumber-plugin-7.21.1.jar;C:\Users\hemar\.m2\repository\io\cucumber\docstring\7.21.1\docstring-7.21.1.jar;C:\Users\hemar\.m2\repository\io\cucumber\html-formatter\21.9.0\html-formatter-21.9.0.jar;C:\Users\hemar\.m2\repository\io\cucumber\junit-xml-formatter\0.7.1\junit-xml-formatter-0.7.1.jar;C:\Users\hemar\.m2\repository\io\cucumber\ci-environment\10.0.1\ci-environment-10.0.1.jar;C:\Users\hemar\.m2\repository\io\cucumber\cucumber-testng\7.21.1\cucumber-testng-7.21.1.jar;C:\Users\hemar\.m2\repository\io\cucumber\gherkin\32.0.0\gherkin-32.0.0.jar;"/>
    <property name="jdk.debug" value="release"/>
    <property name="java.class.version" value="65.0"/>
    <property name="java.specification.name" value="Java Platform API Specification"/>
    <property name="sun.management.compiler" value="HotSpot 64-Bit Tiered Compilers"/>
    <property name="testng.Fixed" value="0"/>
    <property name="os.version" value="10.0"/>
    <property name="user.home" value="C:\Users\hemar"/>
    <property name="user.timezone" value="Asia/Calcutta"/>
    <property name="file.encoding" value="UTF-8"/>
    <property name="java.specification.version" value="21"/>
    <property name="user.name" value="hemar"/>
    <property name="java.class.path" value="C:\Users\hemar\eclipse-workspace\TastyNibbles\target\test-classes;C:\Users\hemar\eclipse-workspace\TastyNibbles\target\classes;C:\Users\hemar\.m2\repository\org\apache\poi\poi\5.4.0\poi-5.4.0.jar;C:\Users\hemar\.m2\repository\commons-codec\commons-codec\1.17.1\commons-codec-1.17.1.jar;C:\Users\hemar\.m2\repository\org\apache\commons\commons-collections4\4.4\commons-collections4-4.4.jar;C:\Users\hemar\.m2\repository\org\apache\commons\commons-math3\3.6.1\commons-math3-3.6.1.jar;C:\Users\hemar\.m2\repository\commons-io\commons-io\2.18.0\commons-io-2.18.0.jar;C:\Users\hemar\.m2\repository\com\zaxxer\SparseBitSet\1.3\SparseBitSet-1.3.jar;C:\Users\hemar\.m2\repository\org\apache\logging\log4j\log4j-api\2.24.3\log4j-api-2.24.3.jar;C:\Users\hemar\.m2\repository\org\seleniumhq\selenium\selenium-java\4.29.0\selenium-java-4.29.0.jar;C:\Users\hemar\.m2\repository\org\seleniumhq\selenium\selenium-api\4.29.0\selenium-api-4.29.0.jar;C:\Users\hemar\.m2\repository\org\jspecify\jspecify\1.0.0\jspecify-1.0.0.jar;C:\Users\hemar\.m2\repository\org\seleniumhq\selenium\selenium-chrome-driver\4.29.0\selenium-chrome-driver-4.29.0.jar;C:\Users\hemar\.m2\repository\com\google\auto\service\auto-service-annotations\1.1.1\auto-service-annotations-1.1.1.jar;C:\Users\hemar\.m2\repository\org\seleniumhq\selenium\selenium-chromium-driver\4.29.0\selenium-chromium-driver-4.29.0.jar;C:\Users\hemar\.m2\repository\org\seleniumhq\selenium\selenium-json\4.29.0\selenium-json-4.29.0.jar;C:\Users\hemar\.m2\repository\org\seleniumhq\selenium\selenium-manager\4.29.0\selenium-manager-4.29.0.jar;C:\Users\hemar\.m2\repository\org\seleniumhq\selenium\selenium-devtools-v131\4.29.0\selenium-devtools-v131-4.29.0.jar;C:\Users\hemar\.m2\repository\org\seleniumhq\selenium\selenium-devtools-v132\4.29.0\selenium-devtools-v132-4.29.0.jar;C:\Users\hemar\.m2\repository\org\seleniumhq\selenium\selenium-devtools-v133\4.29.0\selenium-devtools-v133-4.29.0.jar;C:\Users\hemar\.m2\repository\org\seleniumhq\selenium\selenium-devtools-v85\4.29.0\selenium-devtools-v85-4.29.0.jar;C:\Users\hemar\.m2\repository\org\seleniumhq\selenium\selenium-edge-driver\4.29.0\selenium-edge-driver-4.29.0.jar;C:\Users\hemar\.m2\repository\org\seleniumhq\selenium\selenium-firefox-driver\4.29.0\selenium-firefox-driver-4.29.0.jar;C:\Users\hemar\.m2\repository\org\seleniumhq\selenium\selenium-http\4.29.0\selenium-http-4.29.0.jar;C:\Users\hemar\.m2\repository\org\seleniumhq\selenium\selenium-ie-driver\4.29.0\selenium-ie-driver-4.29.0.jar;C:\Users\hemar\.m2\repository\org\seleniumhq\selenium\selenium-remote-driver\4.29.0\selenium-remote-driver-4.29.0.jar;C:\Users\hemar\.m2\repository\io\opentelemetry\semconv\opentelemetry-semconv\1.28.0-alpha\opentelemetry-semconv-1.28.0-alpha.jar;C:\Users\hemar\.m2\repository\io\opentelemetry\opentelemetry-api\1.46.0\opentelemetry-api-1.46.0.jar;C:\Users\hemar\.m2\repository\io\opentelemetry\opentelemetry-context\1.46.0\opentelemetry-context-1.46.0.jar;C:\Users\hemar\.m2\repository\io\opentelemetry\opentelemetry-exporter-logging\1.46.0\opentelemetry-exporter-logging-1.46.0.jar;C:\Users\hemar\.m2\repository\io\opentelemetry\opentelemetry-sdk-common\1.46.0\opentelemetry-sdk-common-1.46.0.jar;C:\Users\hemar\.m2\repository\io\opentelemetry\opentelemetry-sdk-extension-autoconfigure-spi\1.46.0\opentelemetry-sdk-extension-autoconfigure-spi-1.46.0.jar;C:\Users\hemar\.m2\repository\io\opentelemetry\opentelemetry-sdk-extension-autoconfigure\1.46.0\opentelemetry-sdk-extension-autoconfigure-1.46.0.jar;C:\Users\hemar\.m2\repository\io\opentelemetry\opentelemetry-api-incubator\1.46.0-alpha\opentelemetry-api-incubator-1.46.0-alpha.jar;C:\Users\hemar\.m2\repository\io\opentelemetry\opentelemetry-sdk-trace\1.46.0\opentelemetry-sdk-trace-1.46.0.jar;C:\Users\hemar\.m2\repository\io\opentelemetry\opentelemetry-sdk\1.46.0\opentelemetry-sdk-1.46.0.jar;C:\Users\hemar\.m2\repository\io\opentelemetry\opentelemetry-sdk-metrics\1.46.0\opentelemetry-sdk-metrics-1.46.0.jar;C:\Users\hemar\.m2\repository\io\opentelemetry\opentelemetry-sdk-logs\1.46.0\opentelemetry-sdk-logs-1.46.0.jar;C:\Users\hemar\.m2\repository\net\bytebuddy\byte-buddy\1.15.11\byte-buddy-1.15.11.jar;C:\Users\hemar\.m2\repository\org\seleniumhq\selenium\selenium-os\4.29.0\selenium-os-4.29.0.jar;C:\Users\hemar\.m2\repository\org\apache\commons\commons-exec\1.4.0\commons-exec-1.4.0.jar;C:\Users\hemar\.m2\repository\org\seleniumhq\selenium\selenium-safari-driver\4.29.0\selenium-safari-driver-4.29.0.jar;C:\Users\hemar\.m2\repository\org\seleniumhq\selenium\selenium-support\4.29.0\selenium-support-4.29.0.jar;C:\Users\hemar\.m2\repository\org\apache\poi\poi-ooxml\5.4.0\poi-ooxml-5.4.0.jar;C:\Users\hemar\.m2\repository\org\apache\poi\poi-ooxml-lite\5.4.0\poi-ooxml-lite-5.4.0.jar;C:\Users\hemar\.m2\repository\org\apache\xmlbeans\xmlbeans\5.3.0\xmlbeans-5.3.0.jar;C:\Users\hemar\.m2\repository\org\apache\commons\commons-compress\1.27.1\commons-compress-1.27.1.jar;C:\Users\hemar\.m2\repository\org\apache\commons\commons-lang3\3.16.0\commons-lang3-3.16.0.jar;C:\Users\hemar\.m2\repository\com\github\virtuald\curvesapi\1.08\curvesapi-1.08.jar;C:\Users\hemar\.m2\repository\org\testng\testng\7.10.2\testng-7.10.2.jar;C:\Users\hemar\.m2\repository\org\slf4j\slf4j-api\1.7.36\slf4j-api-1.7.36.jar;C:\Users\hemar\.m2\repository\com\beust\jcommander\1.82\jcommander-1.82.jar;C:\Users\hemar\.m2\repository\org\webjars\jquery\3.7.1\jquery-3.7.1.jar;C:\Users\hemar\.m2\repository\com\github\sdrss\reportng\2.7.0\reportng-2.7.0.jar;C:\Users\hemar\.m2\repository\velocity\velocity\1.5\velocity-1.5.jar;C:\Users\hemar\.m2\repository\commons-collections\commons-collections\3.1\commons-collections-3.1.jar;C:\Users\hemar\.m2\repository\commons-lang\commons-lang\2.1\commons-lang-2.1.jar;C:\Users\hemar\.m2\repository\oro\oro\2.0.8\oro-2.0.8.jar;C:\Users\hemar\.m2\repository\com\fasterxml\jackson\core\jackson-core\2.10.1\jackson-core-2.10.1.jar;C:\Users\hemar\.m2\repository\com\fasterxml\jackson\core\jackson-databind\2.12.7.1\jackson-databind-2.12.7.1.jar;C:\Users\hemar\.m2\repository\com\fasterxml\jackson\core\jackson-annotations\2.10.1\jackson-annotations-2.10.1.jar;C:\Users\hemar\.m2\repository\com\google\inject\guice\7.0.0\guice-7.0.0.jar;C:\Users\hemar\.m2\repository\jakarta\inject\jakarta.inject-api\2.0.1\jakarta.inject-api-2.0.1.jar;C:\Users\hemar\.m2\repository\aopalliance\aopalliance\1.0\aopalliance-1.0.jar;C:\Users\hemar\.m2\repository\com\google\guava\guava\31.0.1-jre\guava-31.0.1-jre.jar;C:\Users\hemar\.m2\repository\com\google\guava\failureaccess\1.0.1\failureaccess-1.0.1.jar;C:\Users\hemar\.m2\repository\com\google\guava\listenablefuture\9999.0-empty-to-avoid-conflict-with-guava\listenablefuture-9999.0-empty-to-avoid-conflict-with-guava.jar;C:\Users\hemar\.m2\repository\com\google\code\findbugs\jsr305\3.0.2\jsr305-3.0.2.jar;C:\Users\hemar\.m2\repository\org\checkerframework\checker-qual\3.12.0\checker-qual-3.12.0.jar;C:\Users\hemar\.m2\repository\com\google\errorprone\error_prone_annotations\2.7.1\error_prone_annotations-2.7.1.jar;C:\Users\hemar\.m2\repository\com\google\j2objc\j2objc-annotations\1.3\j2objc-annotations-1.3.jar;C:\Users\hemar\.m2\repository\com\aventstack\extentreports\5.1.2\extentreports-5.1.2.jar;C:\Users\hemar\.m2\repository\io\reactivex\rxjava3\rxjava\3.1.6\rxjava-3.1.6.jar;C:\Users\hemar\.m2\repository\org\reactivestreams\reactive-streams\1.0.4\reactive-streams-1.0.4.jar;C:\Users\hemar\.m2\repository\org\freemarker\freemarker\2.3.32\freemarker-2.3.32.jar;C:\Users\hemar\.m2\repository\org\projectlombok\lombok\1.18.26\lombok-1.18.26.jar;C:\Users\hemar\.m2\repository\com\google\code\gson\gson\2.10.1\gson-2.10.1.jar;C:\Users\hemar\.m2\repository\io\qameta\allure\allure-testng\2.29.1\allure-testng-2.29.1.jar;C:\Users\hemar\.m2\repository\io\qameta\allure\allure-java-commons\2.29.1\allure-java-commons-2.29.1.jar;C:\Users\hemar\.m2\repository\io\qameta\allure\allure-model\2.29.1\allure-model-2.29.1.jar;C:\Users\hemar\.m2\repository\io\qameta\allure\allure-test-filter\2.29.1\allure-test-filter-2.29.1.jar;C:\Users\hemar\.m2\repository\io\cucumber\cucumber-java\7.21.1\cucumber-java-7.21.1.jar;C:\Users\hemar\.m2\repository\org\apiguardian\apiguardian-api\1.1.2\apiguardian-api-1.1.2.jar;C:\Users\hemar\.m2\repository\io\cucumber\cucumber-picocontainer\7.21.1\cucumber-picocontainer-7.21.1.jar;C:\Users\hemar\.m2\repository\org\picocontainer\picocontainer\2.15\picocontainer-2.15.jar;C:\Users\hemar\.m2\repository\io\cucumber\cucumber-core\7.21.1\cucumber-core-7.21.1.jar;C:\Users\hemar\.m2\repository\io\cucumber\cucumber-gherkin\7.21.1\cucumber-gherkin-7.21.1.jar;C:\Users\hemar\.m2\repository\io\cucumber\cucumber-gherkin-messages\7.21.1\cucumber-gherkin-messages-7.21.1.jar;C:\Users\hemar\.m2\repository\io\cucumber\messages\27.2.0\messages-27.2.0.jar;C:\Users\hemar\.m2\repository\io\cucumber\testng-xml-formatter\0.3.1\testng-xml-formatter-0.3.1.jar;C:\Users\hemar\.m2\repository\io\cucumber\query\13.2.0\query-13.2.0.jar;C:\Users\hemar\.m2\repository\io\cucumber\tag-expressions\6.1.2\tag-expressions-6.1.2.jar;C:\Users\hemar\.m2\repository\io\cucumber\cucumber-expressions\18.0.1\cucumber-expressions-18.0.1.jar;C:\Users\hemar\.m2\repository\io\cucumber\datatable\7.21.1\datatable-7.21.1.jar;C:\Users\hemar\.m2\repository\io\cucumber\cucumber-plugin\7.21.1\cucumber-plugin-7.21.1.jar;C:\Users\hemar\.m2\repository\io\cucumber\docstring\7.21.1\docstring-7.21.1.jar;C:\Users\hemar\.m2\repository\io\cucumber\html-formatter\21.9.0\html-formatter-21.9.0.jar;C:\Users\hemar\.m2\repository\io\cucumber\junit-xml-formatter\0.7.1\junit-xml-formatter-0.7.1.jar;C:\Users\hemar\.m2\repository\io\cucumber\ci-environment\10.0.1\ci-environment-10.0.1.jar;C:\Users\hemar\.m2\repository\io\cucumber\cucumber-testng\7.21.1\cucumber-testng-7.21.1.jar;C:\Users\hemar\.m2\repository\io\cucumber\gherkin\32.0.0\gherkin-32.0.0.jar;"/>
    <property name="testng.KnownDefect" value="0"/>
    <property name="testng.Passed" value="7"/>
    <property name="java.vm.specification.version" value="21"/>
    <property name="sun.arch.data.model" value="64"/>
    <property name="sun.java.command" value="C:\Users\hemar\AppData\Local\Temp\surefirebooter16274296986454723759.jar C:\Users\hemar\AppData\Local\Temp\surefire8501491791421796725tmp C:\Users\hemar\AppData\Local\Temp\surefire7470595624482707118tmp"/>
    <property name="java.home" value="C:\Users\hemar\Downloads\eclipse-java-2024-12-R-win32-x86_64\eclipse\plugins\org.eclipse.justj.openjdk.hotspot.jre.full.win32.x86_64_21.0.5.v20241023-1957\jre"/>
    <property name="user.language" value="en"/>
    <property name="java.specification.vendor" value="Oracle Corporation"/>
    <property name="java.vm.info" value="mixed mode, sharing"/>
    <property name="java.version" value="21.0.5"/>
    <property name="native.encoding" value="Cp1252"/>
    <property name="java.vendor" value="Eclipse Adoptium"/>
    <property name="localRepository" value="C:\Users\hemar\.m2\repository"/>
    <property name="file.separator" value="\"/>
    <property name="java.version.date" value="2024-10-15"/>
    <property name="java.vendor.url.bug" value="https://github.com/adoptium/adoptium-support/issues"/>
    <property name="sun.io.unicode.encoding" value="UnicodeLittle"/>
    <property name="sun.cpu.endian" value="little"/>
    <property name="java.vendor.version" value="Temurin-21.0.5+11"/>
    <property name="sun.cpu.isalist" value="amd64"/>
  </properties>
  <testcase classname="com.tastyNibbles.testrunner.RegistrationNG" name="runScenario" time="27.561"/>
  <testcase classname="com.tastyNibbles.testrunner.RegistrationNG" name="runScenario" time="34.177"/>
  <testcase classname="com.tastyNibbles.testrunner.AddToCartNG" name="runScenario" time="40.445"/>
  <testcase classname="com.tastyNibbles.testrunner.LoginPageNG" name="runScenario" time="20.58"/>
  <testcase classname="com.tastyNibbles.testrunner.LoginPageNG" name="runScenario" time="21.563"/>
  <testcase classname="com.tastyNibbles.testrunner.AddingMultipleProductsNG" name="runScenario" time="61.85"/>
  <testcase classname="com.tastyNibbles.testrunner.LogOutNG" name="runScenario" time="20.708"/>
</testsuite>